CRITICAL - 2022-03-01 13:00:23 --> Too few arguments to function App\Controllers\Helloworld::nome(), 0 passed in C:\xampp\htdocs\iniciando-no-ci4\system\CodeIgniter.php on line 825 and at least 2 expected
#0 C:\xampp\htdocs\iniciando-no-ci4\system\CodeIgniter.php(825): App\Controllers\Helloworld->nome()
#1 C:\xampp\htdocs\iniciando-no-ci4\system\CodeIgniter.php(412): CodeIgniter\CodeIgniter->runController(Object(App\Controllers\Helloworld))
#2 C:\xampp\htdocs\iniciando-no-ci4\system\CodeIgniter.php(320): CodeIgniter\CodeIgniter->handleRequest(NULL, Object(Config\Cache), false)
#3 C:\xampp\htdocs\iniciando-no-ci4\public\index.php(37): CodeIgniter\CodeIgniter->run()
#4 C:\xampp\htdocs\iniciando-no-ci4\system\Commands\Server\rewrite.php(43): require_once('C:\\xampp\\htdocs...')
#5 {main}
CRITICAL - 2022-03-01 13:04:11 --> Use of undefined constant console - assumed 'console' (this will throw an Error in a future version of PHP)
#0 C:\xampp\htdocs\iniciando-no-ci4\app\Controllers\Produtos.php(11): CodeIgniter\Debug\Exceptions->errorHandler(2, 'Use of undefine...', 'C:\\xampp\\htdocs...', 11, Array)
#1 C:\xampp\htdocs\iniciando-no-ci4\system\CodeIgniter.php(825): App\Controllers\Produtos->index()
#2 C:\xampp\htdocs\iniciando-no-ci4\system\CodeIgniter.php(412): CodeIgniter\CodeIgniter->runController(Object(App\Controllers\Produtos))
#3 C:\xampp\htdocs\iniciando-no-ci4\system\CodeIgniter.php(320): CodeIgniter\CodeIgniter->handleRequest(NULL, Object(Config\Cache), false)
#4 C:\xampp\htdocs\iniciando-no-ci4\public\index.php(37): CodeIgniter\CodeIgniter->run()
#5 C:\xampp\htdocs\iniciando-no-ci4\system\Commands\Server\rewrite.php(43): require_once('C:\\xampp\\htdocs...')
#6 {main}
CRITICAL - 2022-03-01 13:04:37 --> syntax error, unexpected '<'
#0 C:\xampp\htdocs\iniciando-no-ci4\system\Router\Router.php(175): CodeIgniter\Router\Router->autoRoute('produtos')
#1 C:\xampp\htdocs\iniciando-no-ci4\system\CodeIgniter.php(719): CodeIgniter\Router\Router->handle('produtos')
#2 C:\xampp\htdocs\iniciando-no-ci4\system\CodeIgniter.php(361): CodeIgniter\CodeIgniter->tryToRouteIt(Object(CodeIgniter\Router\RouteCollection))
#3 C:\xampp\htdocs\iniciando-no-ci4\system\CodeIgniter.php(320): CodeIgniter\CodeIgniter->handleRequest(NULL, Object(Config\Cache), false)
#4 C:\xampp\htdocs\iniciando-no-ci4\public\index.php(37): CodeIgniter\CodeIgniter->run()
#5 C:\xampp\htdocs\iniciando-no-ci4\system\Commands\Server\rewrite.php(43): require_once('C:\\xampp\\htdocs...')
#6 {main}
CRITICAL - 2022-03-01 13:05:11 --> syntax error, unexpected '}', expecting ',' or ';'
#0 C:\xampp\htdocs\iniciando-no-ci4\system\Router\Router.php(175): CodeIgniter\Router\Router->autoRoute('produtos')
#1 C:\xampp\htdocs\iniciando-no-ci4\system\CodeIgniter.php(719): CodeIgniter\Router\Router->handle('produtos')
#2 C:\xampp\htdocs\iniciando-no-ci4\system\CodeIgniter.php(361): CodeIgniter\CodeIgniter->tryToRouteIt(Object(CodeIgniter\Router\RouteCollection))
#3 C:\xampp\htdocs\iniciando-no-ci4\system\CodeIgniter.php(320): CodeIgniter\CodeIgniter->handleRequest(NULL, Object(Config\Cache), false)
#4 C:\xampp\htdocs\iniciando-no-ci4\public\index.php(37): CodeIgniter\CodeIgniter->run()
#5 C:\xampp\htdocs\iniciando-no-ci4\system\Commands\Server\rewrite.php(43): require_once('C:\\xampp\\htdocs...')
#6 {main}
CRITICAL - 2022-03-01 13:34:43 --> Use of undefined constant data - assumed 'data' (this will throw an Error in a future version of PHP)
#0 C:\xampp\htdocs\iniciando-no-ci4\app\Views\produtos_index.php(12): CodeIgniter\Debug\Exceptions->errorHandler(2, 'Use of undefine...', 'C:\\xampp\\htdocs...', 12, Array)
#1 C:\xampp\htdocs\iniciando-no-ci4\system\View\View.php(210): include('C:\\xampp\\htdocs...')
#2 C:\xampp\htdocs\iniciando-no-ci4\system\View\View.php(213): CodeIgniter\View\View->CodeIgniter\View\{closure}()
#3 C:\xampp\htdocs\iniciando-no-ci4\system\Common.php(1089): CodeIgniter\View\View->render('produtos_index', Array, true)
#4 C:\xampp\htdocs\iniciando-no-ci4\app\Controllers\Produtos.php(15): view('produtos_index', Array)
#5 C:\xampp\htdocs\iniciando-no-ci4\system\CodeIgniter.php(825): App\Controllers\Produtos->index()
#6 C:\xampp\htdocs\iniciando-no-ci4\system\CodeIgniter.php(412): CodeIgniter\CodeIgniter->runController(Object(App\Controllers\Produtos))
#7 C:\xampp\htdocs\iniciando-no-ci4\system\CodeIgniter.php(320): CodeIgniter\CodeIgniter->handleRequest(NULL, Object(Config\Cache), false)
#8 C:\xampp\htdocs\iniciando-no-ci4\public\index.php(37): CodeIgniter\CodeIgniter->run()
#9 C:\xampp\htdocs\iniciando-no-ci4\system\Commands\Server\rewrite.php(43): require_once('C:\\xampp\\htdocs...')
#10 {main}
CRITICAL - 2022-03-01 13:35:28 --> Undefined variable: data
#0 C:\xampp\htdocs\iniciando-no-ci4\app\Views\produtos_index.php(12): CodeIgniter\Debug\Exceptions->errorHandler(8, 'Undefined varia...', 'C:\\xampp\\htdocs...', 12, Array)
#1 C:\xampp\htdocs\iniciando-no-ci4\system\View\View.php(210): include('C:\\xampp\\htdocs...')
#2 C:\xampp\htdocs\iniciando-no-ci4\system\View\View.php(213): CodeIgniter\View\View->CodeIgniter\View\{closure}()
#3 C:\xampp\htdocs\iniciando-no-ci4\system\Common.php(1089): CodeIgniter\View\View->render('produtos_index', Array, true)
#4 C:\xampp\htdocs\iniciando-no-ci4\app\Controllers\Produtos.php(15): view('produtos_index', Array)
#5 C:\xampp\htdocs\iniciando-no-ci4\system\CodeIgniter.php(825): App\Controllers\Produtos->index()
#6 C:\xampp\htdocs\iniciando-no-ci4\system\CodeIgniter.php(412): CodeIgniter\CodeIgniter->runController(Object(App\Controllers\Produtos))
#7 C:\xampp\htdocs\iniciando-no-ci4\system\CodeIgniter.php(320): CodeIgniter\CodeIgniter->handleRequest(NULL, Object(Config\Cache), false)
#8 C:\xampp\htdocs\iniciando-no-ci4\public\index.php(37): CodeIgniter\CodeIgniter->run()
#9 C:\xampp\htdocs\iniciando-no-ci4\system\Commands\Server\rewrite.php(43): require_once('C:\\xampp\\htdocs...')
#10 {main}
CRITICAL - 2022-03-01 13:36:45 --> Use of undefined constant nome - assumed 'nome' (this will throw an Error in a future version of PHP)
#0 C:\xampp\htdocs\iniciando-no-ci4\app\Views\produtos_index.php(12): CodeIgniter\Debug\Exceptions->errorHandler(2, 'Use of undefine...', 'C:\\xampp\\htdocs...', 12, Array)
#1 C:\xampp\htdocs\iniciando-no-ci4\system\View\View.php(210): include('C:\\xampp\\htdocs...')
#2 C:\xampp\htdocs\iniciando-no-ci4\system\View\View.php(213): CodeIgniter\View\View->CodeIgniter\View\{closure}()
#3 C:\xampp\htdocs\iniciando-no-ci4\system\Common.php(1089): CodeIgniter\View\View->render('produtos_index', Array, true)
#4 C:\xampp\htdocs\iniciando-no-ci4\app\Controllers\Produtos.php(15): view('produtos_index', Array)
#5 C:\xampp\htdocs\iniciando-no-ci4\system\CodeIgniter.php(825): App\Controllers\Produtos->index()
#6 C:\xampp\htdocs\iniciando-no-ci4\system\CodeIgniter.php(412): CodeIgniter\CodeIgniter->runController(Object(App\Controllers\Produtos))
#7 C:\xampp\htdocs\iniciando-no-ci4\system\CodeIgniter.php(320): CodeIgniter\CodeIgniter->handleRequest(NULL, Object(Config\Cache), false)
#8 C:\xampp\htdocs\iniciando-no-ci4\public\index.php(37): CodeIgniter\CodeIgniter->run()
#9 C:\xampp\htdocs\iniciando-no-ci4\system\Commands\Server\rewrite.php(43): require_once('C:\\xampp\\htdocs...')
#10 {main}
