CRITICAL - 2022-03-12 14:37:22 --> Undefined property: stdClass::$categoria
#0 C:\xampp\htdocs\iniciando-no-ci4\app\Views\categorias_form.php(40): CodeIgniter\Debug\Exceptions->errorHandler(8, 'Undefined prope...', 'C:\\xampp\\htdocs...', 40, Array)
#1 C:\xampp\htdocs\iniciando-no-ci4\system\View\View.php(210): include('C:\\xampp\\htdocs...')
#2 C:\xampp\htdocs\iniciando-no-ci4\system\View\View.php(213): CodeIgniter\View\View->CodeIgniter\View\{closure}()
#3 C:\xampp\htdocs\iniciando-no-ci4\system\Common.php(1089): CodeIgniter\View\View->render('categorias_form', Array, true)
#4 C:\xampp\htdocs\iniciando-no-ci4\app\Controllers\Categorias.php(65): view('categorias_form', Array)
#5 C:\xampp\htdocs\iniciando-no-ci4\system\CodeIgniter.php(825): App\Controllers\Categorias->editar('1')
#6 C:\xampp\htdocs\iniciando-no-ci4\system\CodeIgniter.php(412): CodeIgniter\CodeIgniter->runController(Object(App\Controllers\Categorias))
#7 C:\xampp\htdocs\iniciando-no-ci4\system\CodeIgniter.php(320): CodeIgniter\CodeIgniter->handleRequest(NULL, Object(Config\Cache), false)
#8 C:\xampp\htdocs\iniciando-no-ci4\public\index.php(37): CodeIgniter\CodeIgniter->run()
#9 C:\xampp\htdocs\iniciando-no-ci4\system\Commands\Server\rewrite.php(43): require_once('C:\\xampp\\htdocs...')
#10 {main}
CRITICAL - 2022-03-12 14:39:13 --> Undefined property: stdClass::$categoria
#0 C:\xampp\htdocs\iniciando-no-ci4\app\Views\categorias_form.php(40): CodeIgniter\Debug\Exceptions->errorHandler(8, 'Undefined prope...', 'C:\\xampp\\htdocs...', 40, Array)
#1 C:\xampp\htdocs\iniciando-no-ci4\system\View\View.php(210): include('C:\\xampp\\htdocs...')
#2 C:\xampp\htdocs\iniciando-no-ci4\system\View\View.php(213): CodeIgniter\View\View->CodeIgniter\View\{closure}()
#3 C:\xampp\htdocs\iniciando-no-ci4\system\Common.php(1089): CodeIgniter\View\View->render('categorias_form', Array, true)
#4 C:\xampp\htdocs\iniciando-no-ci4\app\Controllers\Categorias.php(65): view('categorias_form', Array)
#5 C:\xampp\htdocs\iniciando-no-ci4\system\CodeIgniter.php(825): App\Controllers\Categorias->editar('1')
#6 C:\xampp\htdocs\iniciando-no-ci4\system\CodeIgniter.php(412): CodeIgniter\CodeIgniter->runController(Object(App\Controllers\Categorias))
#7 C:\xampp\htdocs\iniciando-no-ci4\system\CodeIgniter.php(320): CodeIgniter\CodeIgniter->handleRequest(NULL, Object(Config\Cache), false)
#8 C:\xampp\htdocs\iniciando-no-ci4\public\index.php(37): CodeIgniter\CodeIgniter->run()
#9 C:\xampp\htdocs\iniciando-no-ci4\system\Commands\Server\rewrite.php(43): require_once('C:\\xampp\\htdocs...')
#10 {main}
CRITICAL - 2022-03-12 14:39:14 --> Undefined property: stdClass::$categoria
#0 C:\xampp\htdocs\iniciando-no-ci4\app\Views\categorias_form.php(40): CodeIgniter\Debug\Exceptions->errorHandler(8, 'Undefined prope...', 'C:\\xampp\\htdocs...', 40, Array)
#1 C:\xampp\htdocs\iniciando-no-ci4\system\View\View.php(210): include('C:\\xampp\\htdocs...')
#2 C:\xampp\htdocs\iniciando-no-ci4\system\View\View.php(213): CodeIgniter\View\View->CodeIgniter\View\{closure}()
#3 C:\xampp\htdocs\iniciando-no-ci4\system\Common.php(1089): CodeIgniter\View\View->render('categorias_form', Array, true)
#4 C:\xampp\htdocs\iniciando-no-ci4\app\Controllers\Categorias.php(65): view('categorias_form', Array)
#5 C:\xampp\htdocs\iniciando-no-ci4\system\CodeIgniter.php(825): App\Controllers\Categorias->editar('1')
#6 C:\xampp\htdocs\iniciando-no-ci4\system\CodeIgniter.php(412): CodeIgniter\CodeIgniter->runController(Object(App\Controllers\Categorias))
#7 C:\xampp\htdocs\iniciando-no-ci4\system\CodeIgniter.php(320): CodeIgniter\CodeIgniter->handleRequest(NULL, Object(Config\Cache), false)
#8 C:\xampp\htdocs\iniciando-no-ci4\public\index.php(37): CodeIgniter\CodeIgniter->run()
#9 C:\xampp\htdocs\iniciando-no-ci4\system\Commands\Server\rewrite.php(43): require_once('C:\\xampp\\htdocs...')
#10 {main}
CRITICAL - 2022-03-12 14:39:15 --> Undefined property: stdClass::$categoria
#0 C:\xampp\htdocs\iniciando-no-ci4\app\Views\categorias_form.php(40): CodeIgniter\Debug\Exceptions->errorHandler(8, 'Undefined prope...', 'C:\\xampp\\htdocs...', 40, Array)
#1 C:\xampp\htdocs\iniciando-no-ci4\system\View\View.php(210): include('C:\\xampp\\htdocs...')
#2 C:\xampp\htdocs\iniciando-no-ci4\system\View\View.php(213): CodeIgniter\View\View->CodeIgniter\View\{closure}()
#3 C:\xampp\htdocs\iniciando-no-ci4\system\Common.php(1089): CodeIgniter\View\View->render('categorias_form', Array, true)
#4 C:\xampp\htdocs\iniciando-no-ci4\app\Controllers\Categorias.php(65): view('categorias_form', Array)
#5 C:\xampp\htdocs\iniciando-no-ci4\system\CodeIgniter.php(825): App\Controllers\Categorias->editar('1')
#6 C:\xampp\htdocs\iniciando-no-ci4\system\CodeIgniter.php(412): CodeIgniter\CodeIgniter->runController(Object(App\Controllers\Categorias))
#7 C:\xampp\htdocs\iniciando-no-ci4\system\CodeIgniter.php(320): CodeIgniter\CodeIgniter->handleRequest(NULL, Object(Config\Cache), false)
#8 C:\xampp\htdocs\iniciando-no-ci4\public\index.php(37): CodeIgniter\CodeIgniter->run()
#9 C:\xampp\htdocs\iniciando-no-ci4\system\Commands\Server\rewrite.php(43): require_once('C:\\xampp\\htdocs...')
#10 {main}
CRITICAL - 2022-03-12 14:39:20 --> Undefined property: stdClass::$categorias
#0 C:\xampp\htdocs\iniciando-no-ci4\app\Views\categorias_form.php(40): CodeIgniter\Debug\Exceptions->errorHandler(8, 'Undefined prope...', 'C:\\xampp\\htdocs...', 40, Array)
#1 C:\xampp\htdocs\iniciando-no-ci4\system\View\View.php(210): include('C:\\xampp\\htdocs...')
#2 C:\xampp\htdocs\iniciando-no-ci4\system\View\View.php(213): CodeIgniter\View\View->CodeIgniter\View\{closure}()
#3 C:\xampp\htdocs\iniciando-no-ci4\system\Common.php(1089): CodeIgniter\View\View->render('categorias_form', Array, true)
#4 C:\xampp\htdocs\iniciando-no-ci4\app\Controllers\Categorias.php(65): view('categorias_form', Array)
#5 C:\xampp\htdocs\iniciando-no-ci4\system\CodeIgniter.php(825): App\Controllers\Categorias->editar('1')
#6 C:\xampp\htdocs\iniciando-no-ci4\system\CodeIgniter.php(412): CodeIgniter\CodeIgniter->runController(Object(App\Controllers\Categorias))
#7 C:\xampp\htdocs\iniciando-no-ci4\system\CodeIgniter.php(320): CodeIgniter\CodeIgniter->handleRequest(NULL, Object(Config\Cache), false)
#8 C:\xampp\htdocs\iniciando-no-ci4\public\index.php(37): CodeIgniter\CodeIgniter->run()
#9 C:\xampp\htdocs\iniciando-no-ci4\system\Commands\Server\rewrite.php(43): require_once('C:\\xampp\\htdocs...')
#10 {main}
CRITICAL - 2022-03-12 14:39:20 --> Undefined property: stdClass::$categorias
#0 C:\xampp\htdocs\iniciando-no-ci4\app\Views\categorias_form.php(40): CodeIgniter\Debug\Exceptions->errorHandler(8, 'Undefined prope...', 'C:\\xampp\\htdocs...', 40, Array)
#1 C:\xampp\htdocs\iniciando-no-ci4\system\View\View.php(210): include('C:\\xampp\\htdocs...')
#2 C:\xampp\htdocs\iniciando-no-ci4\system\View\View.php(213): CodeIgniter\View\View->CodeIgniter\View\{closure}()
#3 C:\xampp\htdocs\iniciando-no-ci4\system\Common.php(1089): CodeIgniter\View\View->render('categorias_form', Array, true)
#4 C:\xampp\htdocs\iniciando-no-ci4\app\Controllers\Categorias.php(65): view('categorias_form', Array)
#5 C:\xampp\htdocs\iniciando-no-ci4\system\CodeIgniter.php(825): App\Controllers\Categorias->editar('1')
#6 C:\xampp\htdocs\iniciando-no-ci4\system\CodeIgniter.php(412): CodeIgniter\CodeIgniter->runController(Object(App\Controllers\Categorias))
#7 C:\xampp\htdocs\iniciando-no-ci4\system\CodeIgniter.php(320): CodeIgniter\CodeIgniter->handleRequest(NULL, Object(Config\Cache), false)
#8 C:\xampp\htdocs\iniciando-no-ci4\public\index.php(37): CodeIgniter\CodeIgniter->run()
#9 C:\xampp\htdocs\iniciando-no-ci4\system\Commands\Server\rewrite.php(43): require_once('C:\\xampp\\htdocs...')
#10 {main}
CRITICAL - 2022-03-12 14:39:33 --> Undefined property: stdClass::$nome
#0 C:\xampp\htdocs\iniciando-no-ci4\app\Views\categorias_form.php(40): CodeIgniter\Debug\Exceptions->errorHandler(8, 'Undefined prope...', 'C:\\xampp\\htdocs...', 40, Array)
#1 C:\xampp\htdocs\iniciando-no-ci4\system\View\View.php(210): include('C:\\xampp\\htdocs...')
#2 C:\xampp\htdocs\iniciando-no-ci4\system\View\View.php(213): CodeIgniter\View\View->CodeIgniter\View\{closure}()
#3 C:\xampp\htdocs\iniciando-no-ci4\system\Common.php(1089): CodeIgniter\View\View->render('categorias_form', Array, true)
#4 C:\xampp\htdocs\iniciando-no-ci4\app\Controllers\Categorias.php(65): view('categorias_form', Array)
#5 C:\xampp\htdocs\iniciando-no-ci4\system\CodeIgniter.php(825): App\Controllers\Categorias->editar('1')
#6 C:\xampp\htdocs\iniciando-no-ci4\system\CodeIgniter.php(412): CodeIgniter\CodeIgniter->runController(Object(App\Controllers\Categorias))
#7 C:\xampp\htdocs\iniciando-no-ci4\system\CodeIgniter.php(320): CodeIgniter\CodeIgniter->handleRequest(NULL, Object(Config\Cache), false)
#8 C:\xampp\htdocs\iniciando-no-ci4\public\index.php(37): CodeIgniter\CodeIgniter->run()
#9 C:\xampp\htdocs\iniciando-no-ci4\system\Commands\Server\rewrite.php(43): require_once('C:\\xampp\\htdocs...')
#10 {main}
CRITICAL - 2022-03-12 14:39:34 --> Undefined property: stdClass::$nome
#0 C:\xampp\htdocs\iniciando-no-ci4\app\Views\categorias_form.php(40): CodeIgniter\Debug\Exceptions->errorHandler(8, 'Undefined prope...', 'C:\\xampp\\htdocs...', 40, Array)
#1 C:\xampp\htdocs\iniciando-no-ci4\system\View\View.php(210): include('C:\\xampp\\htdocs...')
#2 C:\xampp\htdocs\iniciando-no-ci4\system\View\View.php(213): CodeIgniter\View\View->CodeIgniter\View\{closure}()
#3 C:\xampp\htdocs\iniciando-no-ci4\system\Common.php(1089): CodeIgniter\View\View->render('categorias_form', Array, true)
#4 C:\xampp\htdocs\iniciando-no-ci4\app\Controllers\Categorias.php(65): view('categorias_form', Array)
#5 C:\xampp\htdocs\iniciando-no-ci4\system\CodeIgniter.php(825): App\Controllers\Categorias->editar('1')
#6 C:\xampp\htdocs\iniciando-no-ci4\system\CodeIgniter.php(412): CodeIgniter\CodeIgniter->runController(Object(App\Controllers\Categorias))
#7 C:\xampp\htdocs\iniciando-no-ci4\system\CodeIgniter.php(320): CodeIgniter\CodeIgniter->handleRequest(NULL, Object(Config\Cache), false)
#8 C:\xampp\htdocs\iniciando-no-ci4\public\index.php(37): CodeIgniter\CodeIgniter->run()
#9 C:\xampp\htdocs\iniciando-no-ci4\system\Commands\Server\rewrite.php(43): require_once('C:\\xampp\\htdocs...')
#10 {main}
CRITICAL - 2022-03-12 14:40:10 --> syntax error, unexpected 'if' (T_IF)
#0 C:\xampp\htdocs\iniciando-no-ci4\system\View\View.php(213): CodeIgniter\View\View->CodeIgniter\View\{closure}()
#1 C:\xampp\htdocs\iniciando-no-ci4\system\Common.php(1089): CodeIgniter\View\View->render('categorias_form', Array, true)
#2 C:\xampp\htdocs\iniciando-no-ci4\app\Controllers\Categorias.php(65): view('categorias_form', Array)
#3 C:\xampp\htdocs\iniciando-no-ci4\system\CodeIgniter.php(825): App\Controllers\Categorias->editar('1')
#4 C:\xampp\htdocs\iniciando-no-ci4\system\CodeIgniter.php(412): CodeIgniter\CodeIgniter->runController(Object(App\Controllers\Categorias))
#5 C:\xampp\htdocs\iniciando-no-ci4\system\CodeIgniter.php(320): CodeIgniter\CodeIgniter->handleRequest(NULL, Object(Config\Cache), false)
#6 C:\xampp\htdocs\iniciando-no-ci4\public\index.php(37): CodeIgniter\CodeIgniter->run()
#7 C:\xampp\htdocs\iniciando-no-ci4\system\Commands\Server\rewrite.php(43): require_once('C:\\xampp\\htdocs...')
#8 {main}
CRITICAL - 2022-03-12 14:40:23 --> syntax error, unexpected 'echo' (T_ECHO)
#0 C:\xampp\htdocs\iniciando-no-ci4\system\View\View.php(213): CodeIgniter\View\View->CodeIgniter\View\{closure}()
#1 C:\xampp\htdocs\iniciando-no-ci4\system\Common.php(1089): CodeIgniter\View\View->render('categorias_form', Array, true)
#2 C:\xampp\htdocs\iniciando-no-ci4\app\Controllers\Categorias.php(65): view('categorias_form', Array)
#3 C:\xampp\htdocs\iniciando-no-ci4\system\CodeIgniter.php(825): App\Controllers\Categorias->editar('1')
#4 C:\xampp\htdocs\iniciando-no-ci4\system\CodeIgniter.php(412): CodeIgniter\CodeIgniter->runController(Object(App\Controllers\Categorias))
#5 C:\xampp\htdocs\iniciando-no-ci4\system\CodeIgniter.php(320): CodeIgniter\CodeIgniter->handleRequest(NULL, Object(Config\Cache), false)
#6 C:\xampp\htdocs\iniciando-no-ci4\public\index.php(37): CodeIgniter\CodeIgniter->run()
#7 C:\xampp\htdocs\iniciando-no-ci4\system\Commands\Server\rewrite.php(43): require_once('C:\\xampp\\htdocs...')
#8 {main}
